<?xml version="1.0" encoding="UTF-8"?>
<!-- Generated by org.testng.reporters.JUnitReportReporter -->
<testsuite hostname="Azees" failures="0" tests="2" name="TestLogin.TestePACSLogin" time="35.300" errors="2" timestamp="2025-02-24T18:08:01 IST" skipped="0">
  <testcase classname="TestLogin.TestePACSLogin" name="testEnrollMember" time="35.283">
    <error message="element not interactable
  (Session info: chrome=133.0.6943.127)
Build info: version: &#039;4.27.0&#039;, revision: &#039;d6e718d134&#039;
System info: os.name: &#039;Windows 11&#039;, os.arch: &#039;amd64&#039;, os.version: &#039;10.0&#039;, java.version: &#039;21.0.5&#039;
Driver info: org.openqa.selenium.chrome.ChromeDriver
Command: [2af6e8466de637349924f656ce6190b1, clickElement {id=f.EC694675B725925E97953405295F3586.d.552F66327C92659E795A4241F41C5F30.e.196}]
Capabilities {acceptInsecureCerts: false, browserName: chrome, browserVersion: 133.0.6943.127, chrome: {chromedriverVersion: 133.0.6943.126 (cffa127ce7b..., userDataDir: C:\Users\SKAZEE~1\AppData\L...}, fedcm:accounts: true, goog:chromeOptions: {debuggerAddress: localhost:61008}, networkConnectionEnabled: false, pageLoadStrategy: normal, platformName: windows, proxy: Proxy(), se:cdp: ws://localhost:61008/devtoo..., se:cdpVersion: 133.0.6943.127, setWindowRect: true, strictFileInteractability: false, timeouts: {implicit: 0, pageLoad: 300000, script: 30000}, unhandledPromptBehavior: dismiss and notify, webauthn:extension:credBlob: true, webauthn:extension:largeBlob: true, webauthn:extension:minPinLength: true, webauthn:extension:prf: true, webauthn:virtualAuthenticators: true}
Element: [[ChromeDriver: chrome on windows (2af6e8466de637349924f656ce6190b1)] -&gt; xpath: (//button[text()=&#039;OK&#039;])[1]]
Session ID: 2af6e8466de637349924f656ce6190b1" type="org.openqa.selenium.ElementNotInteractableException">
      <![CDATA[org.openqa.selenium.ElementNotInteractableException: element not interactable
  (Session info: chrome=133.0.6943.127)
Build info: version: '4.27.0', revision: 'd6e718d134'
System info: os.name: 'Windows 11', os.arch: 'amd64', os.version: '10.0', java.version: '21.0.5'
Driver info: org.openqa.selenium.chrome.ChromeDriver
Command: [2af6e8466de637349924f656ce6190b1, clickElement {id=f.EC694675B725925E97953405295F3586.d.552F66327C92659E795A4241F41C5F30.e.196}]
Capabilities {acceptInsecureCerts: false, browserName: chrome, browserVersion: 133.0.6943.127, chrome: {chromedriverVersion: 133.0.6943.126 (cffa127ce7b..., userDataDir: C:\Users\SKAZEE~1\AppData\L...}, fedcm:accounts: true, goog:chromeOptions: {debuggerAddress: localhost:61008}, networkConnectionEnabled: false, pageLoadStrategy: normal, platformName: windows, proxy: Proxy(), se:cdp: ws://localhost:61008/devtoo..., se:cdpVersion: 133.0.6943.127, setWindowRect: true, strictFileInteractability: false, timeouts: {implicit: 0, pageLoad: 300000, script: 30000}, unhandledPromptBehavior: dismiss and notify, webauthn:extension:credBlob: true, webauthn:extension:largeBlob: true, webauthn:extension:minPinLength: true, webauthn:extension:prf: true, webauthn:virtualAuthenticators: true}
Element: [[ChromeDriver: chrome on windows (2af6e8466de637349924f656ce6190b1)] -> xpath: (//button[text()='OK'])[1]]
Session ID: 2af6e8466de637349924f656ce6190b1
at java.base/jdk.internal.reflect.DirectConstructorHandleAccessor.newInstance(DirectConstructorHandleAccessor.java:62)
at java.base/java.lang.reflect.Constructor.newInstanceWithCaller(Constructor.java:502)
at java.base/java.lang.reflect.Constructor.newInstance(Constructor.java:486)
at org.openqa.selenium.remote.ErrorCodec.decode(ErrorCodec.java:167)
at org.openqa.selenium.remote.codec.w3c.W3CHttpResponseCodec.decode(W3CHttpResponseCodec.java:138)
at org.openqa.selenium.remote.codec.w3c.W3CHttpResponseCodec.decode(W3CHttpResponseCodec.java:50)
at org.openqa.selenium.remote.HttpCommandExecutor.execute(HttpCommandExecutor.java:190)
at org.openqa.selenium.remote.service.DriverCommandExecutor.invokeExecute(DriverCommandExecutor.java:216)
at org.openqa.selenium.remote.service.DriverCommandExecutor.execute(DriverCommandExecutor.java:174)
at org.openqa.selenium.remote.RemoteWebDriver.execute(RemoteWebDriver.java:545)
at org.openqa.selenium.remote.RemoteWebElement.execute(RemoteWebElement.java:223)
at org.openqa.selenium.remote.RemoteWebElement.click(RemoteWebElement.java:76)
at TestLogin.TestePACSLogin.testEnrollMember(TestePACSLogin.java:31)
at java.base/jdk.internal.reflect.DirectMethodHandleAccessor.invoke(DirectMethodHandleAccessor.java:103)
at java.base/java.lang.reflect.Method.invoke(Method.java:580)
at org.testng.internal.MethodInvocationHelper.invokeMethod(MethodInvocationHelper.java:133)
at org.testng.internal.TestInvoker.invokeMethod(TestInvoker.java:598)
at org.testng.internal.TestInvoker.invokeTestMethod(TestInvoker.java:173)
at org.testng.internal.MethodRunner.runInSequence(MethodRunner.java:46)
at org.testng.internal.TestInvoker$MethodInvocationAgent.invoke(TestInvoker.java:824)
at org.testng.internal.TestInvoker.invokeTestMethods(TestInvoker.java:146)
at org.testng.internal.TestMethodWorker.invokeTestMethods(TestMethodWorker.java:146)
at org.testng.internal.TestMethodWorker.run(TestMethodWorker.java:128)
at java.base/java.util.ArrayList.forEach(ArrayList.java:1596)
at org.testng.TestRunner.privateRun(TestRunner.java:794)
at org.testng.TestRunner.run(TestRunner.java:596)
at org.testng.SuiteRunner.runTest(SuiteRunner.java:377)
at org.testng.SuiteRunner.runSequentially(SuiteRunner.java:371)
at org.testng.SuiteRunner.privateRun(SuiteRunner.java:332)
at org.testng.SuiteRunner.run(SuiteRunner.java:276)
at org.testng.SuiteRunnerWorker.runSuite(SuiteRunnerWorker.java:53)
at org.testng.SuiteRunnerWorker.run(SuiteRunnerWorker.java:96)
at org.testng.TestNG.runSuitesSequentially(TestNG.java:1212)
at org.testng.TestNG.runSuitesLocally(TestNG.java:1134)
at org.testng.TestNG.runSuites(TestNG.java:1063)
at org.testng.TestNG.run(TestNG.java:1031)
at org.testng.remote.AbstractRemoteTestNG.run(AbstractRemoteTestNG.java:115)
at org.testng.remote.RemoteTestNG.initAndRun(RemoteTestNG.java:293)
at org.testng.remote.RemoteTestNG.main(RemoteTestNG.java:91)
]]>
    </error>
  </testcase> <!-- testEnrollMember -->
  <system-out/>
  <testcase classname="TestLogin.TestePACSLogin" name="logout" time="0.017">
    <error type="java.lang.StackOverflowError">
      <![CDATA[java.lang.StackOverflowError
at TestLogin.TestePACSLogin.logout(TestePACSLogin.java:39)
at TestLogin.TestePACSLogin.logout(TestePACSLogin.java:39)
at TestLogin.TestePACSLogin.logout(TestePACSLogin.java:39)
at TestLogin.TestePACSLogin.logout(TestePACSLogin.java:39)
at TestLogin.TestePACSLogin.logout(TestePACSLogin.java:39)
at TestLogin.TestePACSLogin.logout(TestePACSLogin.java:39)
at TestLogin.TestePACSLogin.logout(TestePACSLogin.java:39)
at TestLogin.TestePACSLogin.logout(TestePACSLogin.java:39)
at TestLogin.TestePACSLogin.logout(TestePACSLogin.java:39)
at TestLogin.TestePACSLogin.logout(TestePACSLogin.java:39)
at TestLogin.TestePACSLogin.logout(TestePACSLogin.java:39)
at TestLogin.TestePACSLogin.logout(TestePACSLogin.java:39)
at TestLogin.TestePACSLogin.logout(TestePACSLogin.java:39)
at TestLogin.TestePACSLogin.logout(TestePACSLogin.java:39)
at TestLogin.TestePACSLogin.logout(TestePACSLogin.java:39)
at TestLogin.TestePACSLogin.logout(TestePACSLogin.java:39)
at TestLogin.TestePACSLogin.logout(TestePACSLogin.java:39)
at TestLogin.TestePACSLogin.logout(TestePACSLogin.java:39)
at TestLogin.TestePACSLogin.logout(TestePACSLogin.java:39)
at TestLogin.TestePACSLogin.logout(TestePACSLogin.java:39)
at TestLogin.TestePACSLogin.logout(TestePACSLogin.java:39)
at TestLogin.TestePACSLogin.logout(TestePACSLogin.java:39)
at TestLogin.TestePACSLogin.logout(TestePACSLogin.java:39)
at TestLogin.TestePACSLogin.logout(TestePACSLogin.java:39)
at TestLogin.TestePACSLogin.logout(TestePACSLogin.java:39)
at TestLogin.TestePACSLogin.logout(TestePACSLogin.java:39)
at TestLogin.TestePACSLogin.logout(TestePACSLogin.java:39)
at TestLogin.TestePACSLogin.logout(TestePACSLogin.java:39)
at TestLogin.TestePACSLogin.logout(TestePACSLogin.java:39)
at TestLogin.TestePACSLogin.logout(TestePACSLogin.java:39)
at TestLogin.TestePACSLogin.logout(TestePACSLogin.java:39)
at TestLogin.TestePACSLogin.logout(TestePACSLogin.java:39)
at TestLogin.TestePACSLogin.logout(TestePACSLogin.java:39)
at TestLogin.TestePACSLogin.logout(TestePACSLogin.java:39)
at TestLogin.TestePACSLogin.logout(TestePACSLogin.java:39)
at TestLogin.TestePACSLogin.logout(TestePACSLogin.java:39)
at TestLogin.TestePACSLogin.logout(TestePACSLogin.java:39)
at TestLogin.TestePACSLogin.logout(TestePACSLogin.java:39)
at TestLogin.TestePACSLogin.logout(TestePACSLogin.java:39)
at TestLogin.TestePACSLogin.logout(TestePACSLogin.java:39)
at TestLogin.TestePACSLogin.logout(TestePACSLogin.java:39)
at TestLogin.TestePACSLogin.logout(TestePACSLogin.java:39)
at TestLogin.TestePACSLogin.logout(TestePACSLogin.java:39)
at TestLogin.TestePACSLogin.logout(TestePACSLogin.java:39)
at TestLogin.TestePACSLogin.logout(TestePACSLogin.java:39)
at TestLogin.TestePACSLogin.logout(TestePACSLogin.java:39)
at TestLogin.TestePACSLogin.logout(TestePACSLogin.java:39)
at TestLogin.TestePACSLogin.logout(TestePACSLogin.java:39)
at TestLogin.TestePACSLogin.logout(TestePACSLogin.java:39)
at TestLogin.TestePACSLogin.logout(TestePACSLogin.java:39)
at TestLogin.TestePACSLogin.logout(TestePACSLogin.java:39)
at TestLogin.TestePACSLogin.logout(TestePACSLogin.java:39)
at TestLogin.TestePACSLogin.logout(TestePACSLogin.java:39)
at TestLogin.TestePACSLogin.logout(TestePACSLogin.java:39)
at TestLogin.TestePACSLogin.logout(TestePACSLogin.java:39)
at TestLogin.TestePACSLogin.logout(TestePACSLogin.java:39)
at TestLogin.TestePACSLogin.logout(TestePACSLogin.java:39)
at TestLogin.TestePACSLogin.logout(TestePACSLogin.java:39)
at TestLogin.TestePACSLogin.logout(TestePACSLogin.java:39)
at TestLogin.TestePACSLogin.logout(TestePACSLogin.java:39)
at TestLogin.TestePACSLogin.logout(TestePACSLogin.java:39)
at TestLogin.TestePACSLogin.logout(TestePACSLogin.java:39)
at TestLogin.TestePACSLogin.logout(TestePACSLogin.java:39)
at TestLogin.TestePACSLogin.logout(TestePACSLogin.java:39)
at TestLogin.TestePACSLogin.logout(TestePACSLogin.java:39)
at TestLogin.TestePACSLogin.logout(TestePACSLogin.java:39)
at TestLogin.TestePACSLogin.logout(TestePACSLogin.java:39)
at TestLogin.TestePACSLogin.logout(TestePACSLogin.java:39)
at TestLogin.TestePACSLogin.logout(TestePACSLogin.java:39)
at TestLogin.TestePACSLogin.logout(TestePACSLogin.java:39)
at TestLogin.TestePACSLogin.logout(TestePACSLogin.java:39)
at TestLogin.TestePACSLogin.logout(TestePACSLogin.java:39)
at TestLogin.TestePACSLogin.logout(TestePACSLogin.java:39)
at TestLogin.TestePACSLogin.logout(TestePACSLogin.java:39)
at TestLogin.TestePACSLogin.logout(TestePACSLogin.java:39)
at TestLogin.TestePACSLogin.logout(TestePACSLogin.java:39)
at TestLogin.TestePACSLogin.logout(TestePACSLogin.java:39)
at TestLogin.TestePACSLogin.logout(TestePACSLogin.java:39)
at TestLogin.TestePACSLogin.logout(TestePACSLogin.java:39)
at TestLogin.TestePACSLogin.logout(TestePACSLogin.java:39)
at TestLogin.TestePACSLogin.logout(TestePACSLogin.java:39)
at TestLogin.TestePACSLogin.logout(TestePACSLogin.java:39)
at TestLogin.TestePACSLogin.logout(TestePACSLogin.java:39)
at TestLogin.TestePACSLogin.logout(TestePACSLogin.java:39)
at TestLogin.TestePACSLogin.logout(TestePACSLogin.java:39)
at TestLogin.TestePACSLogin.logout(TestePACSLogin.java:39)
at TestLogin.TestePACSLogin.logout(TestePACSLogin.java:39)
at TestLogin.TestePACSLogin.logout(TestePACSLogin.java:39)
at TestLogin.TestePACSLogin.logout(TestePACSLogin.java:39)
at TestLogin.TestePACSLogin.logout(TestePACSLogin.java:39)
at TestLogin.TestePACSLogin.logout(TestePACSLogin.java:39)
at TestLogin.TestePACSLogin.logout(TestePACSLogin.java:39)
at TestLogin.TestePACSLogin.logout(TestePACSLogin.java:39)
at TestLogin.TestePACSLogin.logout(TestePACSLogin.java:39)
at TestLogin.TestePACSLogin.logout(TestePACSLogin.java:39)
at TestLogin.TestePACSLogin.logout(TestePACSLogin.java:39)
at TestLogin.TestePACSLogin.logout(TestePACSLogin.java:39)
at TestLogin.TestePACSLogin.logout(TestePACSLogin.java:39)
at TestLogin.TestePACSLogin.logout(TestePACSLogin.java:39)
at TestLogin.TestePACSLogin.logout(TestePACSLogin.java:39)
at TestLogin.TestePACSLogin.logout(TestePACSLogin.java:39)
at TestLogin.TestePACSLogin.logout(TestePACSLogin.java:39)
at TestLogin.TestePACSLogin.logout(TestePACSLogin.java:39)
at TestLogin.TestePACSLogin.logout(TestePACSLogin.java:39)
at TestLogin.TestePACSLogin.logout(TestePACSLogin.java:39)
at TestLogin.TestePACSLogin.logout(TestePACSLogin.java:39)
at TestLogin.TestePACSLogin.logout(TestePACSLogin.java:39)
at TestLogin.TestePACSLogin.logout(TestePACSLogin.java:39)
at TestLogin.TestePACSLogin.logout(TestePACSLogin.java:39)
at TestLogin.TestePACSLogin.logout(TestePACSLogin.java:39)
at TestLogin.TestePACSLogin.logout(TestePACSLogin.java:39)
at TestLogin.TestePACSLogin.logout(TestePACSLogin.java:39)
at TestLogin.TestePACSLogin.logout(TestePACSLogin.java:39)
at TestLogin.TestePACSLogin.logout(TestePACSLogin.java:39)
at TestLogin.TestePACSLogin.logout(TestePACSLogin.java:39)
at TestLogin.TestePACSLogin.logout(TestePACSLogin.java:39)
at TestLogin.TestePACSLogin.logout(TestePACSLogin.java:39)
at TestLogin.TestePACSLogin.logout(TestePACSLogin.java:39)
at TestLogin.TestePACSLogin.logout(TestePACSLogin.java:39)
at TestLogin.TestePACSLogin.logout(TestePACSLogin.java:39)
at TestLogin.TestePACSLogin.logout(TestePACSLogin.java:39)
at TestLogin.TestePACSLogin.logout(TestePACSLogin.java:39)
at TestLogin.TestePACSLogin.logout(TestePACSLogin.java:39)
at TestLogin.TestePACSLogin.logout(TestePACSLogin.java:39)
at TestLogin.TestePACSLogin.logout(TestePACSLogin.java:39)
at TestLogin.TestePACSLogin.logout(TestePACSLogin.java:39)
at TestLogin.TestePACSLogin.logout(TestePACSLogin.java:39)
at TestLogin.TestePACSLogin.logout(TestePACSLogin.java:39)
at TestLogin.TestePACSLogin.logout(TestePACSLogin.java:39)
at TestLogin.TestePACSLogin.logout(TestePACSLogin.java:39)
at TestLogin.TestePACSLogin.logout(TestePACSLogin.java:39)
at TestLogin.TestePACSLogin.logout(TestePACSLogin.java:39)
at TestLogin.TestePACSLogin.logout(TestePACSLogin.java:39)
at TestLogin.TestePACSLogin.logout(TestePACSLogin.java:39)
at TestLogin.TestePACSLogin.logout(TestePACSLogin.java:39)
at TestLogin.TestePACSLogin.logout(TestePACSLogin.java:39)
at TestLogin.TestePACSLogin.logout(TestePACSLogin.java:39)
at TestLogin.TestePACSLogin.logout(TestePACSLogin.java:39)
at TestLogin.TestePACSLogin.logout(TestePACSLogin.java:39)
at TestLogin.TestePACSLogin.logout(TestePACSLogin.java:39)
at TestLogin.TestePACSLogin.logout(TestePACSLogin.java:39)
at TestLogin.TestePACSLogin.logout(TestePACSLogin.java:39)
at TestLogin.TestePACSLogin.logout(TestePACSLogin.java:39)
at TestLogin.TestePACSLogin.logout(TestePACSLogin.java:39)
at TestLogin.TestePACSLogin.logout(TestePACSLogin.java:39)
at TestLogin.TestePACSLogin.logout(TestePACSLogin.java:39)
at TestLogin.TestePACSLogin.logout(TestePACSLogin.java:39)
at TestLogin.TestePACSLogin.logout(TestePACSLogin.java:39)
at TestLogin.TestePACSLogin.logout(TestePACSLogin.java:39)
at TestLogin.TestePACSLogin.logout(TestePACSLogin.java:39)
at TestLogin.TestePACSLogin.logout(TestePACSLogin.java:39)
at TestLogin.TestePACSLogin.logout(TestePACSLogin.java:39)
at TestLogin.TestePACSLogin.logout(TestePACSLogin.java:39)
at TestLogin.TestePACSLogin.logout(TestePACSLogin.java:39)
at TestLogin.TestePACSLogin.logout(TestePACSLogin.java:39)
at TestLogin.TestePACSLogin.logout(TestePACSLogin.java:39)
at TestLogin.TestePACSLogin.logout(TestePACSLogin.java:39)
at TestLogin.TestePACSLogin.logout(TestePACSLogin.java:39)
at TestLogin.TestePACSLogin.logout(TestePACSLogin.java:39)
at TestLogin.TestePACSLogin.logout(TestePACSLogin.java:39)
at TestLogin.TestePACSLogin.logout(TestePACSLogin.java:39)
at TestLogin.TestePACSLogin.logout(TestePACSLogin.java:39)
at TestLogin.TestePACSLogin.logout(TestePACSLogin.java:39)
at TestLogin.TestePACSLogin.logout(TestePACSLogin.java:39)
at TestLogin.TestePACSLogin.logout(TestePACSLogin.java:39)
at TestLogin.TestePACSLogin.logout(TestePACSLogin.java:39)
at TestLogin.TestePACSLogin.logout(TestePACSLogin.java:39)
at TestLogin.TestePACSLogin.logout(TestePACSLogin.java:39)
at TestLogin.TestePACSLogin.logout(TestePACSLogin.java:39)
at TestLogin.TestePACSLogin.logout(TestePACSLogin.java:39)
at TestLogin.TestePACSLogin.logout(TestePACSLogin.java:39)
at TestLogin.TestePACSLogin.logout(TestePACSLogin.java:39)
at TestLogin.TestePACSLogin.logout(TestePACSLogin.java:39)
at TestLogin.TestePACSLogin.logout(TestePACSLogin.java:39)
at TestLogin.TestePACSLogin.logout(TestePACSLogin.java:39)
at TestLogin.TestePACSLogin.logout(TestePACSLogin.java:39)
at TestLogin.TestePACSLogin.logout(TestePACSLogin.java:39)
at TestLogin.TestePACSLogin.logout(TestePACSLogin.java:39)
at TestLogin.TestePACSLogin.logout(TestePACSLogin.java:39)
at TestLogin.TestePACSLogin.logout(TestePACSLogin.java:39)
at TestLogin.TestePACSLogin.logout(TestePACSLogin.java:39)
at TestLogin.TestePACSLogin.logout(TestePACSLogin.java:39)
at TestLogin.TestePACSLogin.logout(TestePACSLogin.java:39)
at TestLogin.TestePACSLogin.logout(TestePACSLogin.java:39)
at TestLogin.TestePACSLogin.logout(TestePACSLogin.java:39)
at TestLogin.TestePACSLogin.logout(TestePACSLogin.java:39)
at TestLogin.TestePACSLogin.logout(TestePACSLogin.java:39)
at TestLogin.TestePACSLogin.logout(TestePACSLogin.java:39)
at TestLogin.TestePACSLogin.logout(TestePACSLogin.java:39)
at TestLogin.TestePACSLogin.logout(TestePACSLogin.java:39)
at TestLogin.TestePACSLogin.logout(TestePACSLogin.java:39)
at TestLogin.TestePACSLogin.logout(TestePACSLogin.java:39)
at TestLogin.TestePACSLogin.logout(TestePACSLogin.java:39)
at TestLogin.TestePACSLogin.logout(TestePACSLogin.java:39)
at TestLogin.TestePACSLogin.logout(TestePACSLogin.java:39)
at TestLogin.TestePACSLogin.logout(TestePACSLogin.java:39)
at TestLogin.TestePACSLogin.logout(TestePACSLogin.java:39)
at TestLogin.TestePACSLogin.logout(TestePACSLogin.java:39)
at TestLogin.TestePACSLogin.logout(TestePACSLogin.java:39)
at TestLogin.TestePACSLogin.logout(TestePACSLogin.java:39)
at TestLogin.TestePACSLogin.logout(TestePACSLogin.java:39)
at TestLogin.TestePACSLogin.logout(TestePACSLogin.java:39)
at TestLogin.TestePACSLogin.logout(TestePACSLogin.java:39)
at TestLogin.TestePACSLogin.logout(TestePACSLogin.java:39)
at TestLogin.TestePACSLogin.logout(TestePACSLogin.java:39)
at TestLogin.TestePACSLogin.logout(TestePACSLogin.java:39)
at TestLogin.TestePACSLogin.logout(TestePACSLogin.java:39)
at TestLogin.TestePACSLogin.logout(TestePACSLogin.java:39)
at TestLogin.TestePACSLogin.logout(TestePACSLogin.java:39)
at TestLogin.TestePACSLogin.logout(TestePACSLogin.java:39)
at TestLogin.TestePACSLogin.logout(TestePACSLogin.java:39)
at TestLogin.TestePACSLogin.logout(TestePACSLogin.java:39)
at TestLogin.TestePACSLogin.logout(TestePACSLogin.java:39)
at TestLogin.TestePACSLogin.logout(TestePACSLogin.java:39)
at TestLogin.TestePACSLogin.logout(TestePACSLogin.java:39)
at TestLogin.TestePACSLogin.logout(TestePACSLogin.java:39)
at TestLogin.TestePACSLogin.logout(TestePACSLogin.java:39)
at TestLogin.TestePACSLogin.logout(TestePACSLogin.java:39)
at TestLogin.TestePACSLogin.logout(TestePACSLogin.java:39)
at TestLogin.TestePACSLogin.logout(TestePACSLogin.java:39)
at TestLogin.TestePACSLogin.logout(TestePACSLogin.java:39)
at TestLogin.TestePACSLogin.logout(TestePACSLogin.java:39)
at TestLogin.TestePACSLogin.logout(TestePACSLogin.java:39)
at TestLogin.TestePACSLogin.logout(TestePACSLogin.java:39)
at TestLogin.TestePACSLogin.logout(TestePACSLogin.java:39)
at TestLogin.TestePACSLogin.logout(TestePACSLogin.java:39)
at TestLogin.TestePACSLogin.logout(TestePACSLogin.java:39)
at TestLogin.TestePACSLogin.logout(TestePACSLogin.java:39)
at TestLogin.TestePACSLogin.logout(TestePACSLogin.java:39)
at TestLogin.TestePACSLogin.logout(TestePACSLogin.java:39)
at TestLogin.TestePACSLogin.logout(TestePACSLogin.java:39)
at TestLogin.TestePACSLogin.logout(TestePACSLogin.java:39)
at TestLogin.TestePACSLogin.logout(TestePACSLogin.java:39)
at TestLogin.TestePACSLogin.logout(TestePACSLogin.java:39)
at TestLogin.TestePACSLogin.logout(TestePACSLogin.java:39)
at TestLogin.TestePACSLogin.logout(TestePACSLogin.java:39)
at TestLogin.TestePACSLogin.logout(TestePACSLogin.java:39)
at TestLogin.TestePACSLogin.logout(TestePACSLogin.java:39)
at TestLogin.TestePACSLogin.logout(TestePACSLogin.java:39)
at TestLogin.TestePACSLogin.logout(TestePACSLogin.java:39)
at TestLogin.TestePACSLogin.logout(TestePACSLogin.java:39)
at TestLogin.TestePACSLogin.logout(TestePACSLogin.java:39)
at TestLogin.TestePACSLogin.logout(TestePACSLogin.java:39)
at TestLogin.TestePACSLogin.logout(TestePACSLogin.java:39)
at TestLogin.TestePACSLogin.logout(TestePACSLogin.java:39)
at TestLogin.TestePACSLogin.logout(TestePACSLogin.java:39)
at TestLogin.TestePACSLogin.logout(TestePACSLogin.java:39)
at TestLogin.TestePACSLogin.logout(TestePACSLogin.java:39)
at TestLogin.TestePACSLogin.logout(TestePACSLogin.java:39)
at TestLogin.TestePACSLogin.logout(TestePACSLogin.java:39)
at TestLogin.TestePACSLogin.logout(TestePACSLogin.java:39)
at TestLogin.TestePACSLogin.logout(TestePACSLogin.java:39)
at TestLogin.TestePACSLogin.logout(TestePACSLogin.java:39)
at TestLogin.TestePACSLogin.logout(TestePACSLogin.java:39)
at TestLogin.TestePACSLogin.logout(TestePACSLogin.java:39)
at TestLogin.TestePACSLogin.logout(TestePACSLogin.java:39)
at TestLogin.TestePACSLogin.logout(TestePACSLogin.java:39)
at TestLogin.TestePACSLogin.logout(TestePACSLogin.java:39)
at TestLogin.TestePACSLogin.logout(TestePACSLogin.java:39)
at TestLogin.TestePACSLogin.logout(TestePACSLogin.java:39)
at TestLogin.TestePACSLogin.logout(TestePACSLogin.java:39)
at TestLogin.TestePACSLogin.logout(TestePACSLogin.java:39)
at TestLogin.TestePACSLogin.logout(TestePACSLogin.java:39)
at TestLogin.TestePACSLogin.logout(TestePACSLogin.java:39)
at TestLogin.TestePACSLogin.logout(TestePACSLogin.java:39)
at TestLogin.TestePACSLogin.logout(TestePACSLogin.java:39)
at TestLogin.TestePACSLogin.logout(TestePACSLogin.java:39)
at TestLogin.TestePACSLogin.logout(TestePACSLogin.java:39)
at TestLogin.TestePACSLogin.logout(TestePACSLogin.java:39)
at TestLogin.TestePACSLogin.logout(TestePACSLogin.java:39)
at TestLogin.TestePACSLogin.logout(TestePACSLogin.java:39)
at TestLogin.TestePACSLogin.logout(TestePACSLogin.java:39)
at TestLogin.TestePACSLogin.logout(TestePACSLogin.java:39)
at TestLogin.TestePACSLogin.logout(TestePACSLogin.java:39)
at TestLogin.TestePACSLogin.logout(TestePACSLogin.java:39)
at TestLogin.TestePACSLogin.logout(TestePACSLogin.java:39)
at TestLogin.TestePACSLogin.logout(TestePACSLogin.java:39)
at TestLogin.TestePACSLogin.logout(TestePACSLogin.java:39)
at TestLogin.TestePACSLogin.logout(TestePACSLogin.java:39)
at TestLogin.TestePACSLogin.logout(TestePACSLogin.java:39)
at TestLogin.TestePACSLogin.logout(TestePACSLogin.java:39)
at TestLogin.TestePACSLogin.logout(TestePACSLogin.java:39)
at TestLogin.TestePACSLogin.logout(TestePACSLogin.java:39)
at TestLogin.TestePACSLogin.logout(TestePACSLogin.java:39)
at TestLogin.TestePACSLogin.logout(TestePACSLogin.java:39)
at TestLogin.TestePACSLogin.logout(TestePACSLogin.java:39)
at TestLogin.TestePACSLogin.logout(TestePACSLogin.java:39)
at TestLogin.TestePACSLogin.logout(TestePACSLogin.java:39)
at TestLogin.TestePACSLogin.logout(TestePACSLogin.java:39)
at TestLogin.TestePACSLogin.logout(TestePACSLogin.java:39)
at TestLogin.TestePACSLogin.logout(TestePACSLogin.java:39)
at TestLogin.TestePACSLogin.logout(TestePACSLogin.java:39)
at TestLogin.TestePACSLogin.logout(TestePACSLogin.java:39)
at TestLogin.TestePACSLogin.logout(TestePACSLogin.java:39)
at TestLogin.TestePACSLogin.logout(TestePACSLogin.java:39)
at TestLogin.TestePACSLogin.logout(TestePACSLogin.java:39)
at TestLogin.TestePACSLogin.logout(TestePACSLogin.java:39)
at TestLogin.TestePACSLogin.logout(TestePACSLogin.java:39)
at TestLogin.TestePACSLogin.logout(TestePACSLogin.java:39)
at TestLogin.TestePACSLogin.logout(TestePACSLogin.java:39)
at TestLogin.TestePACSLogin.logout(TestePACSLogin.java:39)
at TestLogin.TestePACSLogin.logout(TestePACSLogin.java:39)
at TestLogin.TestePACSLogin.logout(TestePACSLogin.java:39)
at TestLogin.TestePACSLogin.logout(TestePACSLogin.java:39)
at TestLogin.TestePACSLogin.logout(TestePACSLogin.java:39)
at TestLogin.TestePACSLogin.logout(TestePACSLogin.java:39)
at TestLogin.TestePACSLogin.logout(TestePACSLogin.java:39)
at TestLogin.TestePACSLogin.logout(TestePACSLogin.java:39)
at TestLogin.TestePACSLogin.logout(TestePACSLogin.java:39)
at TestLogin.TestePACSLogin.logout(TestePACSLogin.java:39)
at TestLogin.TestePACSLogin.logout(TestePACSLogin.java:39)
at TestLogin.TestePACSLogin.logout(TestePACSLogin.java:39)
at TestLogin.TestePACSLogin.logout(TestePACSLogin.java:39)
at TestLogin.TestePACSLogin.logout(TestePACSLogin.java:39)
at TestLogin.TestePACSLogin.logout(TestePACSLogin.java:39)
at TestLogin.TestePACSLogin.logout(TestePACSLogin.java:39)
at TestLogin.TestePACSLogin.logout(TestePACSLogin.java:39)
at TestLogin.TestePACSLogin.logout(TestePACSLogin.java:39)
at TestLogin.TestePACSLogin.logout(TestePACSLogin.java:39)
at TestLogin.TestePACSLogin.logout(TestePACSLogin.java:39)
at TestLogin.TestePACSLogin.logout(TestePACSLogin.java:39)
at TestLogin.TestePACSLogin.logout(TestePACSLogin.java:39)
at TestLogin.TestePACSLogin.logout(TestePACSLogin.java:39)
at TestLogin.TestePACSLogin.logout(TestePACSLogin.java:39)
at TestLogin.TestePACSLogin.logout(TestePACSLogin.java:39)
at TestLogin.TestePACSLogin.logout(TestePACSLogin.java:39)
at TestLogin.TestePACSLogin.logout(TestePACSLogin.java:39)
at TestLogin.TestePACSLogin.logout(TestePACSLogin.java:39)
at TestLogin.TestePACSLogin.logout(TestePACSLogin.java:39)
at TestLogin.TestePACSLogin.logout(TestePACSLogin.java:39)
at TestLogin.TestePACSLogin.logout(TestePACSLogin.java:39)
at TestLogin.TestePACSLogin.logout(TestePACSLogin.java:39)
at TestLogin.TestePACSLogin.logout(TestePACSLogin.java:39)
at TestLogin.TestePACSLogin.logout(TestePACSLogin.java:39)
at TestLogin.TestePACSLogin.logout(TestePACSLogin.java:39)
at TestLogin.TestePACSLogin.logout(TestePACSLogin.java:39)
at TestLogin.TestePACSLogin.logout(TestePACSLogin.java:39)
at TestLogin.TestePACSLogin.logout(TestePACSLogin.java:39)
at TestLogin.TestePACSLogin.logout(TestePACSLogin.java:39)
at TestLogin.TestePACSLogin.logout(TestePACSLogin.java:39)
at TestLogin.TestePACSLogin.logout(TestePACSLogin.java:39)
at TestLogin.TestePACSLogin.logout(TestePACSLogin.java:39)
at TestLogin.TestePACSLogin.logout(TestePACSLogin.java:39)
at TestLogin.TestePACSLogin.logout(TestePACSLogin.java:39)
at TestLogin.TestePACSLogin.logout(TestePACSLogin.java:39)
at TestLogin.TestePACSLogin.logout(TestePACSLogin.java:39)
at TestLogin.TestePACSLogin.logout(TestePACSLogin.java:39)
at TestLogin.TestePACSLogin.logout(TestePACSLogin.java:39)
at TestLogin.TestePACSLogin.logout(TestePACSLogin.java:39)
at TestLogin.TestePACSLogin.logout(TestePACSLogin.java:39)
at TestLogin.TestePACSLogin.logout(TestePACSLogin.java:39)
at TestLogin.TestePACSLogin.logout(TestePACSLogin.java:39)
at TestLogin.TestePACSLogin.logout(TestePACSLogin.java:39)
at TestLogin.TestePACSLogin.logout(TestePACSLogin.java:39)
at TestLogin.TestePACSLogin.logout(TestePACSLogin.java:39)
at TestLogin.TestePACSLogin.logout(TestePACSLogin.java:39)
at TestLogin.TestePACSLogin.logout(TestePACSLogin.java:39)
at TestLogin.TestePACSLogin.logout(TestePACSLogin.java:39)
at TestLogin.TestePACSLogin.logout(TestePACSLogin.java:39)
at TestLogin.TestePACSLogin.logout(TestePACSLogin.java:39)
at TestLogin.TestePACSLogin.logout(TestePACSLogin.java:39)
at TestLogin.TestePACSLogin.logout(TestePACSLogin.java:39)
at TestLogin.TestePACSLogin.logout(TestePACSLogin.java:39)
at TestLogin.TestePACSLogin.logout(TestePACSLogin.java:39)
at TestLogin.TestePACSLogin.logout(TestePACSLogin.java:39)
at TestLogin.TestePACSLogin.logout(TestePACSLogin.java:39)
at TestLogin.TestePACSLogin.logout(TestePACSLogin.java:39)
at TestLogin.TestePACSLogin.logout(TestePACSLogin.java:39)
at TestLogin.TestePACSLogin.logout(TestePACSLogin.java:39)
at TestLogin.TestePACSLogin.logout(TestePACSLogin.java:39)
at TestLogin.TestePACSLogin.logout(TestePACSLogin.java:39)
at TestLogin.TestePACSLogin.logout(TestePACSLogin.java:39)
at TestLogin.TestePACSLogin.logout(TestePACSLogin.java:39)
at TestLogin.TestePACSLogin.logout(TestePACSLogin.java:39)
at TestLogin.TestePACSLogin.logout(TestePACSLogin.java:39)
at TestLogin.TestePACSLogin.logout(TestePACSLogin.java:39)
at TestLogin.TestePACSLogin.logout(TestePACSLogin.java:39)
at TestLogin.TestePACSLogin.logout(TestePACSLogin.java:39)
at TestLogin.TestePACSLogin.logout(TestePACSLogin.java:39)
at TestLogin.TestePACSLogin.logout(TestePACSLogin.java:39)
at TestLogin.TestePACSLogin.logout(TestePACSLogin.java:39)
at TestLogin.TestePACSLogin.logout(TestePACSLogin.java:39)
at TestLogin.TestePACSLogin.logout(TestePACSLogin.java:39)
at TestLogin.TestePACSLogin.logout(TestePACSLogin.java:39)
at TestLogin.TestePACSLogin.logout(TestePACSLogin.java:39)
at TestLogin.TestePACSLogin.logout(TestePACSLogin.java:39)
at TestLogin.TestePACSLogin.logout(TestePACSLogin.java:39)
at TestLogin.TestePACSLogin.logout(TestePACSLogin.java:39)
at TestLogin.TestePACSLogin.logout(TestePACSLogin.java:39)
at TestLogin.TestePACSLogin.logout(TestePACSLogin.java:39)
at TestLogin.TestePACSLogin.logout(TestePACSLogin.java:39)
at TestLogin.TestePACSLogin.logout(TestePACSLogin.java:39)
at TestLogin.TestePACSLogin.logout(TestePACSLogin.java:39)
at TestLogin.TestePACSLogin.logout(TestePACSLogin.java:39)
at TestLogin.TestePACSLogin.logout(TestePACSLogin.java:39)
at TestLogin.TestePACSLogin.logout(TestePACSLogin.java:39)
at TestLogin.TestePACSLogin.logout(TestePACSLogin.java:39)
at TestLogin.TestePACSLogin.logout(TestePACSLogin.java:39)
at TestLogin.TestePACSLogin.logout(TestePACSLogin.java:39)
at TestLogin.TestePACSLogin.logout(TestePACSLogin.java:39)
at TestLogin.TestePACSLogin.logout(TestePACSLogin.java:39)
at TestLogin.TestePACSLogin.logout(TestePACSLogin.java:39)
at TestLogin.TestePACSLogin.logout(TestePACSLogin.java:39)
at TestLogin.TestePACSLogin.logout(TestePACSLogin.java:39)
at TestLogin.TestePACSLogin.logout(TestePACSLogin.java:39)
at TestLogin.TestePACSLogin.logout(TestePACSLogin.java:39)
at TestLogin.TestePACSLogin.logout(TestePACSLogin.java:39)
at TestLogin.TestePACSLogin.logout(TestePACSLogin.java:39)
at TestLogin.TestePACSLogin.logout(TestePACSLogin.java:39)
at TestLogin.TestePACSLogin.logout(TestePACSLogin.java:39)
at TestLogin.TestePACSLogin.logout(TestePACSLogin.java:39)
at TestLogin.TestePACSLogin.logout(TestePACSLogin.java:39)
at TestLogin.TestePACSLogin.logout(TestePACSLogin.java:39)
at TestLogin.TestePACSLogin.logout(TestePACSLogin.java:39)
at TestLogin.TestePACSLogin.logout(TestePACSLogin.java:39)
at TestLogin.TestePACSLogin.logout(TestePACSLogin.java:39)
at TestLogin.TestePACSLogin.logout(TestePACSLogin.java:39)
at TestLogin.TestePACSLogin.logout(TestePACSLogin.java:39)
at TestLogin.TestePACSLogin.logout(TestePACSLogin.java:39)
at TestLogin.TestePACSLogin.logout(TestePACSLogin.java:39)
at TestLogin.TestePACSLogin.logout(TestePACSLogin.java:39)
at TestLogin.TestePACSLogin.logout(TestePACSLogin.java:39)
at TestLogin.TestePACSLogin.logout(TestePACSLogin.java:39)
at TestLogin.TestePACSLogin.logout(TestePACSLogin.java:39)
at TestLogin.TestePACSLogin.logout(TestePACSLogin.java:39)
at TestLogin.TestePACSLogin.logout(TestePACSLogin.java:39)
at TestLogin.TestePACSLogin.logout(TestePACSLogin.java:39)
at TestLogin.TestePACSLogin.logout(TestePACSLogin.java:39)
at TestLogin.TestePACSLogin.logout(TestePACSLogin.java:39)
at TestLogin.TestePACSLogin.logout(TestePACSLogin.java:39)
at TestLogin.TestePACSLogin.logout(TestePACSLogin.java:39)
at TestLogin.TestePACSLogin.logout(TestePACSLogin.java:39)
at TestLogin.TestePACSLogin.logout(TestePACSLogin.java:39)
at TestLogin.TestePACSLogin.logout(TestePACSLogin.java:39)
at TestLogin.TestePACSLogin.logout(TestePACSLogin.java:39)
at TestLogin.TestePACSLogin.logout(TestePACSLogin.java:39)
at TestLogin.TestePACSLogin.logout(TestePACSLogin.java:39)
at TestLogin.TestePACSLogin.logout(TestePACSLogin.java:39)
at TestLogin.TestePACSLogin.logout(TestePACSLogin.java:39)
at TestLogin.TestePACSLogin.logout(TestePACSLogin.java:39)
at TestLogin.TestePACSLogin.logout(TestePACSLogin.java:39)
at TestLogin.TestePACSLogin.logout(TestePACSLogin.java:39)
at TestLogin.TestePACSLogin.logout(TestePACSLogin.java:39)
at TestLogin.TestePACSLogin.logout(TestePACSLogin.java:39)
at TestLogin.TestePACSLogin.logout(TestePACSLogin.java:39)
at TestLogin.TestePACSLogin.logout(TestePACSLogin.java:39)
at TestLogin.TestePACSLogin.logout(TestePACSLogin.java:39)
at TestLogin.TestePACSLogin.logout(TestePACSLogin.java:39)
at TestLogin.TestePACSLogin.logout(TestePACSLogin.java:39)
at TestLogin.TestePACSLogin.logout(TestePACSLogin.java:39)
at TestLogin.TestePACSLogin.logout(TestePACSLogin.java:39)
at TestLogin.TestePACSLogin.logout(TestePACSLogin.java:39)
at TestLogin.TestePACSLogin.logout(TestePACSLogin.java:39)
at TestLogin.TestePACSLogin.logout(TestePACSLogin.java:39)
at TestLogin.TestePACSLogin.logout(TestePACSLogin.java:39)
at TestLogin.TestePACSLogin.logout(TestePACSLogin.java:39)
at TestLogin.TestePACSLogin.logout(TestePACSLogin.java:39)
at TestLogin.TestePACSLogin.logout(TestePACSLogin.java:39)
at TestLogin.TestePACSLogin.logout(TestePACSLogin.java:39)
at TestLogin.TestePACSLogin.logout(TestePACSLogin.java:39)
at TestLogin.TestePACSLogin.logout(TestePACSLogin.java:39)
at TestLogin.TestePACSLogin.logout(TestePACSLogin.java:39)
at TestLogin.TestePACSLogin.logout(TestePACSLogin.java:39)
at TestLogin.TestePACSLogin.logout(TestePACSLogin.java:39)
at TestLogin.TestePACSLogin.logout(TestePACSLogin.java:39)
at TestLogin.TestePACSLogin.logout(TestePACSLogin.java:39)
at TestLogin.TestePACSLogin.logout(TestePACSLogin.java:39)
at TestLogin.TestePACSLogin.logout(TestePACSLogin.java:39)
at TestLogin.TestePACSLogin.logout(TestePACSLogin.java:39)
at TestLogin.TestePACSLogin.logout(TestePACSLogin.java:39)
at TestLogin.TestePACSLogin.logout(TestePACSLogin.java:39)
at TestLogin.TestePACSLogin.logout(TestePACSLogin.java:39)
at TestLogin.TestePACSLogin.logout(TestePACSLogin.java:39)
at TestLogin.TestePACSLogin.logout(TestePACSLogin.java:39)
at TestLogin.TestePACSLogin.logout(TestePACSLogin.java:39)
at TestLogin.TestePACSLogin.logout(TestePACSLogin.java:39)
at TestLogin.TestePACSLogin.logout(TestePACSLogin.java:39)
at TestLogin.TestePACSLogin.logout(TestePACSLogin.java:39)
at TestLogin.TestePACSLogin.logout(TestePACSLogin.java:39)
at TestLogin.TestePACSLogin.logout(TestePACSLogin.java:39)
at TestLogin.TestePACSLogin.logout(TestePACSLogin.java:39)
at TestLogin.TestePACSLogin.logout(TestePACSLogin.java:39)
at TestLogin.TestePACSLogin.logout(TestePACSLogin.java:39)
at TestLogin.TestePACSLogin.logout(TestePACSLogin.java:39)
at TestLogin.TestePACSLogin.logout(TestePACSLogin.java:39)
at TestLogin.TestePACSLogin.logout(TestePACSLogin.java:39)
at TestLogin.TestePACSLogin.logout(TestePACSLogin.java:39)
at TestLogin.TestePACSLogin.logout(TestePACSLogin.java:39)
at TestLogin.TestePACSLogin.logout(TestePACSLogin.java:39)
at TestLogin.TestePACSLogin.logout(TestePACSLogin.java:39)
at TestLogin.TestePACSLogin.logout(TestePACSLogin.java:39)
at TestLogin.TestePACSLogin.logout(TestePACSLogin.java:39)
at TestLogin.TestePACSLogin.logout(TestePACSLogin.java:39)
at TestLogin.TestePACSLogin.logout(TestePACSLogin.java:39)
at TestLogin.TestePACSLogin.logout(TestePACSLogin.java:39)
at TestLogin.TestePACSLogin.logout(TestePACSLogin.java:39)
at TestLogin.TestePACSLogin.logout(TestePACSLogin.java:39)
at TestLogin.TestePACSLogin.logout(TestePACSLogin.java:39)
at TestLogin.TestePACSLogin.logout(TestePACSLogin.java:39)
at TestLogin.TestePACSLogin.logout(TestePACSLogin.java:39)
at TestLogin.TestePACSLogin.logout(TestePACSLogin.java:39)
at TestLogin.TestePACSLogin.logout(TestePACSLogin.java:39)
at TestLogin.TestePACSLogin.logout(TestePACSLogin.java:39)
at TestLogin.TestePACSLogin.logout(TestePACSLogin.java:39)
at TestLogin.TestePACSLogin.logout(TestePACSLogin.java:39)
at TestLogin.TestePACSLogin.logout(TestePACSLogin.java:39)
at TestLogin.TestePACSLogin.logout(TestePACSLogin.java:39)
at TestLogin.TestePACSLogin.logout(TestePACSLogin.java:39)
at TestLogin.TestePACSLogin.logout(TestePACSLogin.java:39)
at TestLogin.TestePACSLogin.logout(TestePACSLogin.java:39)
at TestLogin.TestePACSLogin.logout(TestePACSLogin.java:39)
at TestLogin.TestePACSLogin.logout(TestePACSLogin.java:39)
at TestLogin.TestePACSLogin.logout(TestePACSLogin.java:39)
at TestLogin.TestePACSLogin.logout(TestePACSLogin.java:39)
at TestLogin.TestePACSLogin.logout(TestePACSLogin.java:39)
at TestLogin.TestePACSLogin.logout(TestePACSLogin.java:39)
at TestLogin.TestePACSLogin.logout(TestePACSLogin.java:39)
at TestLogin.TestePACSLogin.logout(TestePACSLogin.java:39)
at TestLogin.TestePACSLogin.logout(TestePACSLogin.java:39)
at TestLogin.TestePACSLogin.logout(TestePACSLogin.java:39)
at TestLogin.TestePACSLogin.logout(TestePACSLogin.java:39)
at TestLogin.TestePACSLogin.logout(TestePACSLogin.java:39)
at TestLogin.TestePACSLogin.logout(TestePACSLogin.java:39)
at TestLogin.TestePACSLogin.logout(TestePACSLogin.java:39)
at TestLogin.TestePACSLogin.logout(TestePACSLogin.java:39)
at TestLogin.TestePACSLogin.logout(TestePACSLogin.java:39)
at TestLogin.TestePACSLogin.logout(TestePACSLogin.java:39)
at TestLogin.TestePACSLogin.logout(TestePACSLogin.java:39)
at TestLogin.TestePACSLogin.logout(TestePACSLogin.java:39)
at TestLogin.TestePACSLogin.logout(TestePACSLogin.java:39)
at TestLogin.TestePACSLogin.logout(TestePACSLogin.java:39)
at TestLogin.TestePACSLogin.logout(TestePACSLogin.java:39)
at TestLogin.TestePACSLogin.logout(TestePACSLogin.java:39)
at TestLogin.TestePACSLogin.logout(TestePACSLogin.java:39)
at TestLogin.TestePACSLogin.logout(TestePACSLogin.java:39)
at TestLogin.TestePACSLogin.logout(TestePACSLogin.java:39)
at TestLogin.TestePACSLogin.logout(TestePACSLogin.java:39)
at TestLogin.TestePACSLogin.logout(TestePACSLogin.java:39)
at TestLogin.TestePACSLogin.logout(TestePACSLogin.java:39)
at TestLogin.TestePACSLogin.logout(TestePACSLogin.java:39)
at TestLogin.TestePACSLogin.logout(TestePACSLogin.java:39)
at TestLogin.TestePACSLogin.logout(TestePACSLogin.java:39)
at TestLogin.TestePACSLogin.logout(TestePACSLogin.java:39)
at TestLogin.TestePACSLogin.logout(TestePACSLogin.java:39)
at TestLogin.TestePACSLogin.logout(TestePACSLogin.java:39)
at TestLogin.TestePACSLogin.logout(TestePACSLogin.java:39)
at TestLogin.TestePACSLogin.logout(TestePACSLogin.java:39)
at TestLogin.TestePACSLogin.logout(TestePACSLogin.java:39)
at TestLogin.TestePACSLogin.logout(TestePACSLogin.java:39)
at TestLogin.TestePACSLogin.logout(TestePACSLogin.java:39)
at TestLogin.TestePACSLogin.logout(TestePACSLogin.java:39)
at TestLogin.TestePACSLogin.logout(TestePACSLogin.java:39)
at TestLogin.TestePACSLogin.logout(TestePACSLogin.java:39)
at TestLogin.TestePACSLogin.logout(TestePACSLogin.java:39)
at TestLogin.TestePACSLogin.logout(TestePACSLogin.java:39)
at TestLogin.TestePACSLogin.logout(TestePACSLogin.java:39)
at TestLogin.TestePACSLogin.logout(TestePACSLogin.java:39)
at TestLogin.TestePACSLogin.logout(TestePACSLogin.java:39)
at TestLogin.TestePACSLogin.logout(TestePACSLogin.java:39)
at TestLogin.TestePACSLogin.logout(TestePACSLogin.java:39)
at TestLogin.TestePACSLogin.logout(TestePACSLogin.java:39)
at TestLogin.TestePACSLogin.logout(TestePACSLogin.java:39)
at TestLogin.TestePACSLogin.logout(TestePACSLogin.java:39)
at TestLogin.TestePACSLogin.logout(TestePACSLogin.java:39)
at TestLogin.TestePACSLogin.logout(TestePACSLogin.java:39)
at TestLogin.TestePACSLogin.logout(TestePACSLogin.java:39)
at TestLogin.TestePACSLogin.logout(TestePACSLogin.java:39)
at TestLogin.TestePACSLogin.logout(TestePACSLogin.java:39)
at TestLogin.TestePACSLogin.logout(TestePACSLogin.java:39)
at TestLogin.TestePACSLogin.logout(TestePACSLogin.java:39)
at TestLogin.TestePACSLogin.logout(TestePACSLogin.java:39)
at TestLogin.TestePACSLogin.logout(TestePACSLogin.java:39)
at TestLogin.TestePACSLogin.logout(TestePACSLogin.java:39)
at TestLogin.TestePACSLogin.logout(TestePACSLogin.java:39)
at TestLogin.TestePACSLogin.logout(TestePACSLogin.java:39)
at TestLogin.TestePACSLogin.logout(TestePACSLogin.java:39)
at TestLogin.TestePACSLogin.logout(TestePACSLogin.java:39)
at TestLogin.TestePACSLogin.logout(TestePACSLogin.java:39)
at TestLogin.TestePACSLogin.logout(TestePACSLogin.java:39)
at TestLogin.TestePACSLogin.logout(TestePACSLogin.java:39)
at TestLogin.TestePACSLogin.logout(TestePACSLogin.java:39)
at TestLogin.TestePACSLogin.logout(TestePACSLogin.java:39)
at TestLogin.TestePACSLogin.logout(TestePACSLogin.java:39)
at TestLogin.TestePACSLogin.logout(TestePACSLogin.java:39)
at TestLogin.TestePACSLogin.logout(TestePACSLogin.java:39)
at TestLogin.TestePACSLogin.logout(TestePACSLogin.java:39)
at TestLogin.TestePACSLogin.logout(TestePACSLogin.java:39)
at TestLogin.TestePACSLogin.logout(TestePACSLogin.java:39)
at TestLogin.TestePACSLogin.logout(TestePACSLogin.java:39)
at TestLogin.TestePACSLogin.logout(TestePACSLogin.java:39)
at TestLogin.TestePACSLogin.logout(TestePACSLogin.java:39)
at TestLogin.TestePACSLogin.logout(TestePACSLogin.java:39)
at TestLogin.TestePACSLogin.logout(TestePACSLogin.java:39)
at TestLogin.TestePACSLogin.logout(TestePACSLogin.java:39)
at TestLogin.TestePACSLogin.logout(TestePACSLogin.java:39)
at TestLogin.TestePACSLogin.logout(TestePACSLogin.java:39)
at TestLogin.TestePACSLogin.logout(TestePACSLogin.java:39)
at TestLogin.TestePACSLogin.logout(TestePACSLogin.java:39)
at TestLogin.TestePACSLogin.logout(TestePACSLogin.java:39)
at TestLogin.TestePACSLogin.logout(TestePACSLogin.java:39)
at TestLogin.TestePACSLogin.logout(TestePACSLogin.java:39)
at TestLogin.TestePACSLogin.logout(TestePACSLogin.java:39)
at TestLogin.TestePACSLogin.logout(TestePACSLogin.java:39)
at TestLogin.TestePACSLogin.logout(TestePACSLogin.java:39)
at TestLogin.TestePACSLogin.logout(TestePACSLogin.java:39)
at TestLogin.TestePACSLogin.logout(TestePACSLogin.java:39)
at TestLogin.TestePACSLogin.logout(TestePACSLogin.java:39)
at TestLogin.TestePACSLogin.logout(TestePACSLogin.java:39)
at TestLogin.TestePACSLogin.logout(TestePACSLogin.java:39)
at TestLogin.TestePACSLogin.logout(TestePACSLogin.java:39)
at TestLogin.TestePACSLogin.logout(TestePACSLogin.java:39)
at TestLogin.TestePACSLogin.logout(TestePACSLogin.java:39)
at TestLogin.TestePACSLogin.logout(TestePACSLogin.java:39)
at TestLogin.TestePACSLogin.logout(TestePACSLogin.java:39)
at TestLogin.TestePACSLogin.logout(TestePACSLogin.java:39)
at TestLogin.TestePACSLogin.logout(TestePACSLogin.java:39)
at TestLogin.TestePACSLogin.logout(TestePACSLogin.java:39)
at TestLogin.TestePACSLogin.logout(TestePACSLogin.java:39)
at TestLogin.TestePACSLogin.logout(TestePACSLogin.java:39)
at TestLogin.TestePACSLogin.logout(TestePACSLogin.java:39)
at TestLogin.TestePACSLogin.logout(TestePACSLogin.java:39)
at TestLogin.TestePACSLogin.logout(TestePACSLogin.java:39)
at TestLogin.TestePACSLogin.logout(TestePACSLogin.java:39)
at TestLogin.TestePACSLogin.logout(TestePACSLogin.java:39)
at TestLogin.TestePACSLogin.logout(TestePACSLogin.java:39)
at TestLogin.TestePACSLogin.logout(TestePACSLogin.java:39)
at TestLogin.TestePACSLogin.logout(TestePACSLogin.java:39)
at TestLogin.TestePACSLogin.logout(TestePACSLogin.java:39)
at TestLogin.TestePACSLogin.logout(TestePACSLogin.java:39)
at TestLogin.TestePACSLogin.logout(TestePACSLogin.java:39)
at TestLogin.TestePACSLogin.logout(TestePACSLogin.java:39)
at TestLogin.TestePACSLogin.logout(TestePACSLogin.java:39)
at TestLogin.TestePACSLogin.logout(TestePACSLogin.java:39)
at TestLogin.TestePACSLogin.logout(TestePACSLogin.java:39)
at TestLogin.TestePACSLogin.logout(TestePACSLogin.java:39)
at TestLogin.TestePACSLogin.logout(TestePACSLogin.java:39)
at TestLogin.TestePACSLogin.logout(TestePACSLogin.java:39)
at TestLogin.TestePACSLogin.logout(TestePACSLogin.java:39)
at TestLogin.TestePACSLogin.logout(TestePACSLogin.java:39)
at TestLogin.TestePACSLogin.logout(TestePACSLogin.java:39)
at TestLogin.TestePACSLogin.logout(TestePACSLogin.java:39)
at TestLogin.TestePACSLogin.logout(TestePACSLogin.java:39)
at TestLogin.TestePACSLogin.logout(TestePACSLogin.java:39)
at TestLogin.TestePACSLogin.logout(TestePACSLogin.java:39)
at TestLogin.TestePACSLogin.logout(TestePACSLogin.java:39)
at TestLogin.TestePACSLogin.logout(TestePACSLogin.java:39)
at TestLogin.TestePACSLogin.logout(TestePACSLogin.java:39)
at TestLogin.TestePACSLogin.logout(TestePACSLogin.java:39)
at TestLogin.TestePACSLogin.logout(TestePACSLogin.java:39)
at TestLogin.TestePACSLogin.logout(TestePACSLogin.java:39)
at TestLogin.TestePACSLogin.logout(TestePACSLogin.java:39)
at TestLogin.TestePACSLogin.logout(TestePACSLogin.java:39)
at TestLogin.TestePACSLogin.logout(TestePACSLogin.java:39)
at TestLogin.TestePACSLogin.logout(TestePACSLogin.java:39)
at TestLogin.TestePACSLogin.logout(TestePACSLogin.java:39)
at TestLogin.TestePACSLogin.logout(TestePACSLogin.java:39)
at TestLogin.TestePACSLogin.logout(TestePACSLogin.java:39)
at TestLogin.TestePACSLogin.logout(TestePACSLogin.java:39)
at TestLogin.TestePACSLogin.logout(TestePACSLogin.java:39)
at TestLogin.TestePACSLogin.logout(TestePACSLogin.java:39)
at TestLogin.TestePACSLogin.logout(TestePACSLogin.java:39)
at TestLogin.TestePACSLogin.logout(TestePACSLogin.java:39)
at TestLogin.TestePACSLogin.logout(TestePACSLogin.java:39)
at TestLogin.TestePACSLogin.logout(TestePACSLogin.java:39)
at TestLogin.TestePACSLogin.logout(TestePACSLogin.java:39)
at TestLogin.TestePACSLogin.logout(TestePACSLogin.java:39)
at TestLogin.TestePACSLogin.logout(TestePACSLogin.java:39)
at TestLogin.TestePACSLogin.logout(TestePACSLogin.java:39)
at TestLogin.TestePACSLogin.logout(TestePACSLogin.java:39)
at TestLogin.TestePACSLogin.logout(TestePACSLogin.java:39)
at TestLogin.TestePACSLogin.logout(TestePACSLogin.java:39)
at TestLogin.TestePACSLogin.logout(TestePACSLogin.java:39)
at TestLogin.TestePACSLogin.logout(TestePACSLogin.java:39)
at TestLogin.TestePACSLogin.logout(TestePACSLogin.java:39)
at TestLogin.TestePACSLogin.logout(TestePACSLogin.java:39)
at TestLogin.TestePACSLogin.logout(TestePACSLogin.java:39)
at TestLogin.TestePACSLogin.logout(TestePACSLogin.java:39)
at TestLogin.TestePACSLogin.logout(TestePACSLogin.java:39)
at TestLogin.TestePACSLogin.logout(TestePACSLogin.java:39)
at TestLogin.TestePACSLogin.logout(TestePACSLogin.java:39)
at TestLogin.TestePACSLogin.logout(TestePACSLogin.java:39)
at TestLogin.TestePACSLogin.logout(TestePACSLogin.java:39)
at TestLogin.TestePACSLogin.logout(TestePACSLogin.java:39)
at TestLogin.TestePACSLogin.logout(TestePACSLogin.java:39)
at TestLogin.TestePACSLogin.logout(TestePACSLogin.java:39)
at TestLogin.TestePACSLogin.logout(TestePACSLogin.java:39)
at TestLogin.TestePACSLogin.logout(TestePACSLogin.java:39)
at TestLogin.TestePACSLogin.logout(TestePACSLogin.java:39)
at TestLogin.TestePACSLogin.logout(TestePACSLogin.java:39)
at TestLogin.TestePACSLogin.logout(TestePACSLogin.java:39)
at TestLogin.TestePACSLogin.logout(TestePACSLogin.java:39)
at TestLogin.TestePACSLogin.logout(TestePACSLogin.java:39)
at TestLogin.TestePACSLogin.logout(TestePACSLogin.java:39)
at TestLogin.TestePACSLogin.logout(TestePACSLogin.java:39)
at TestLogin.TestePACSLogin.logout(TestePACSLogin.java:39)
at TestLogin.TestePACSLogin.logout(TestePACSLogin.java:39)
at TestLogin.TestePACSLogin.logout(TestePACSLogin.java:39)
at TestLogin.TestePACSLogin.logout(TestePACSLogin.java:39)
at TestLogin.TestePACSLogin.logout(TestePACSLogin.java:39)
at TestLogin.TestePACSLogin.logout(TestePACSLogin.java:39)
at TestLogin.TestePACSLogin.logout(TestePACSLogin.java:39)
at TestLogin.TestePACSLogin.logout(TestePACSLogin.java:39)
at TestLogin.TestePACSLogin.logout(TestePACSLogin.java:39)
at TestLogin.TestePACSLogin.logout(TestePACSLogin.java:39)
at TestLogin.TestePACSLogin.logout(TestePACSLogin.java:39)
at TestLogin.TestePACSLogin.logout(TestePACSLogin.java:39)
at TestLogin.TestePACSLogin.logout(TestePACSLogin.java:39)
at TestLogin.TestePACSLogin.logout(TestePACSLogin.java:39)
at TestLogin.TestePACSLogin.logout(TestePACSLogin.java:39)
at TestLogin.TestePACSLogin.logout(TestePACSLogin.java:39)
at TestLogin.TestePACSLogin.logout(TestePACSLogin.java:39)
at TestLogin.TestePACSLogin.logout(TestePACSLogin.java:39)
at TestLogin.TestePACSLogin.logout(TestePACSLogin.java:39)
at TestLogin.TestePACSLogin.logout(TestePACSLogin.java:39)
at TestLogin.TestePACSLogin.logout(TestePACSLogin.java:39)
at TestLogin.TestePACSLogin.logout(TestePACSLogin.java:39)
at TestLogin.TestePACSLogin.logout(TestePACSLogin.java:39)
at TestLogin.TestePACSLogin.logout(TestePACSLogin.java:39)
at TestLogin.TestePACSLogin.logout(TestePACSLogin.java:39)
at TestLogin.TestePACSLogin.logout(TestePACSLogin.java:39)
at TestLogin.TestePACSLogin.logout(TestePACSLogin.java:39)
at TestLogin.TestePACSLogin.logout(TestePACSLogin.java:39)
at TestLogin.TestePACSLogin.logout(TestePACSLogin.java:39)
at TestLogin.TestePACSLogin.logout(TestePACSLogin.java:39)
at TestLogin.TestePACSLogin.logout(TestePACSLogin.java:39)
at TestLogin.TestePACSLogin.logout(TestePACSLogin.java:39)
at TestLogin.TestePACSLogin.logout(TestePACSLogin.java:39)
at TestLogin.TestePACSLogin.logout(TestePACSLogin.java:39)
at TestLogin.TestePACSLogin.logout(TestePACSLogin.java:39)
at TestLogin.TestePACSLogin.logout(TestePACSLogin.java:39)
at TestLogin.TestePACSLogin.logout(TestePACSLogin.java:39)
at TestLogin.TestePACSLogin.logout(TestePACSLogin.java:39)
at TestLogin.TestePACSLogin.logout(TestePACSLogin.java:39)
at TestLogin.TestePACSLogin.logout(TestePACSLogin.java:39)
at TestLogin.TestePACSLogin.logout(TestePACSLogin.java:39)
at TestLogin.TestePACSLogin.logout(TestePACSLogin.java:39)
at TestLogin.TestePACSLogin.logout(TestePACSLogin.java:39)
at TestLogin.TestePACSLogin.logout(TestePACSLogin.java:39)
at TestLogin.TestePACSLogin.logout(TestePACSLogin.java:39)
at TestLogin.TestePACSLogin.logout(TestePACSLogin.java:39)
at TestLogin.TestePACSLogin.logout(TestePACSLogin.java:39)
at TestLogin.TestePACSLogin.logout(TestePACSLogin.java:39)
at TestLogin.TestePACSLogin.logout(TestePACSLogin.java:39)
at TestLogin.TestePACSLogin.logout(TestePACSLogin.java:39)
at TestLogin.TestePACSLogin.logout(TestePACSLogin.java:39)
at TestLogin.TestePACSLogin.logout(TestePACSLogin.java:39)
at TestLogin.TestePACSLogin.logout(TestePACSLogin.java:39)
at TestLogin.TestePACSLogin.logout(TestePACSLogin.java:39)
at TestLogin.TestePACSLogin.logout(TestePACSLogin.java:39)
at TestLogin.TestePACSLogin.logout(TestePACSLogin.java:39)
at TestLogin.TestePACSLogin.logout(TestePACSLogin.java:39)
at TestLogin.TestePACSLogin.logout(TestePACSLogin.java:39)
at TestLogin.TestePACSLogin.logout(TestePACSLogin.java:39)
at TestLogin.TestePACSLogin.logout(TestePACSLogin.java:39)
at TestLogin.TestePACSLogin.logout(TestePACSLogin.java:39)
at TestLogin.TestePACSLogin.logout(TestePACSLogin.java:39)
at TestLogin.TestePACSLogin.logout(TestePACSLogin.java:39)
at TestLogin.TestePACSLogin.logout(TestePACSLogin.java:39)
at TestLogin.TestePACSLogin.logout(TestePACSLogin.java:39)
at TestLogin.TestePACSLogin.logout(TestePACSLogin.java:39)
at TestLogin.TestePACSLogin.logout(TestePACSLogin.java:39)
at TestLogin.TestePACSLogin.logout(TestePACSLogin.java:39)
at TestLogin.TestePACSLogin.logout(TestePACSLogin.java:39)
at TestLogin.TestePACSLogin.logout(TestePACSLogin.java:39)
at TestLogin.TestePACSLogin.logout(TestePACSLogin.java:39)
at TestLogin.TestePACSLogin.logout(TestePACSLogin.java:39)
at TestLogin.TestePACSLogin.logout(TestePACSLogin.java:39)
at TestLogin.TestePACSLogin.logout(TestePACSLogin.java:39)
at TestLogin.TestePACSLogin.logout(TestePACSLogin.java:39)
at TestLogin.TestePACSLogin.logout(TestePACSLogin.java:39)
at TestLogin.TestePACSLogin.logout(TestePACSLogin.java:39)
at TestLogin.TestePACSLogin.logout(TestePACSLogin.java:39)
at TestLogin.TestePACSLogin.logout(TestePACSLogin.java:39)
at TestLogin.TestePACSLogin.logout(TestePACSLogin.java:39)
at TestLogin.TestePACSLogin.logout(TestePACSLogin.java:39)
at TestLogin.TestePACSLogin.logout(TestePACSLogin.java:39)
at TestLogin.TestePACSLogin.logout(TestePACSLogin.java:39)
at TestLogin.TestePACSLogin.logout(TestePACSLogin.java:39)
at TestLogin.TestePACSLogin.logout(TestePACSLogin.java:39)
at TestLogin.TestePACSLogin.logout(TestePACSLogin.java:39)
at TestLogin.TestePACSLogin.logout(TestePACSLogin.java:39)
at TestLogin.TestePACSLogin.logout(TestePACSLogin.java:39)
at TestLogin.TestePACSLogin.logout(TestePACSLogin.java:39)
at TestLogin.TestePACSLogin.logout(TestePACSLogin.java:39)
at TestLogin.TestePACSLogin.logout(TestePACSLogin.java:39)
at TestLogin.TestePACSLogin.logout(TestePACSLogin.java:39)
at TestLogin.TestePACSLogin.logout(TestePACSLogin.java:39)
at TestLogin.TestePACSLogin.logout(TestePACSLogin.java:39)
at TestLogin.TestePACSLogin.logout(TestePACSLogin.java:39)
at TestLogin.TestePACSLogin.logout(TestePACSLogin.java:39)
at TestLogin.TestePACSLogin.logout(TestePACSLogin.java:39)
at TestLogin.TestePACSLogin.logout(TestePACSLogin.java:39)
at TestLogin.TestePACSLogin.logout(TestePACSLogin.java:39)
at TestLogin.TestePACSLogin.logout(TestePACSLogin.java:39)
at TestLogin.TestePACSLogin.logout(TestePACSLogin.java:39)
at TestLogin.TestePACSLogin.logout(TestePACSLogin.java:39)
at TestLogin.TestePACSLogin.logout(TestePACSLogin.java:39)
at TestLogin.TestePACSLogin.logout(TestePACSLogin.java:39)
at TestLogin.TestePACSLogin.logout(TestePACSLogin.java:39)
at TestLogin.TestePACSLogin.logout(TestePACSLogin.java:39)
at TestLogin.TestePACSLogin.logout(TestePACSLogin.java:39)
at TestLogin.TestePACSLogin.logout(TestePACSLogin.java:39)
at TestLogin.TestePACSLogin.logout(TestePACSLogin.java:39)
at TestLogin.TestePACSLogin.logout(TestePACSLogin.java:39)
at TestLogin.TestePACSLogin.logout(TestePACSLogin.java:39)
at TestLogin.TestePACSLogin.logout(TestePACSLogin.java:39)
at TestLogin.TestePACSLogin.logout(TestePACSLogin.java:39)
at TestLogin.TestePACSLogin.logout(TestePACSLogin.java:39)
at TestLogin.TestePACSLogin.logout(TestePACSLogin.java:39)
at TestLogin.TestePACSLogin.logout(TestePACSLogin.java:39)
at TestLogin.TestePACSLogin.logout(TestePACSLogin.java:39)
at TestLogin.TestePACSLogin.logout(TestePACSLogin.java:39)
at TestLogin.TestePACSLogin.logout(TestePACSLogin.java:39)
at TestLogin.TestePACSLogin.logout(TestePACSLogin.java:39)
at TestLogin.TestePACSLogin.logout(TestePACSLogin.java:39)
at TestLogin.TestePACSLogin.logout(TestePACSLogin.java:39)
at TestLogin.TestePACSLogin.logout(TestePACSLogin.java:39)
at TestLogin.TestePACSLogin.logout(TestePACSLogin.java:39)
at TestLogin.TestePACSLogin.logout(TestePACSLogin.java:39)
at TestLogin.TestePACSLogin.logout(TestePACSLogin.java:39)
at TestLogin.TestePACSLogin.logout(TestePACSLogin.java:39)
at TestLogin.TestePACSLogin.logout(TestePACSLogin.java:39)
at TestLogin.TestePACSLogin.logout(TestePACSLogin.java:39)
at TestLogin.TestePACSLogin.logout(TestePACSLogin.java:39)
at TestLogin.TestePACSLogin.logout(TestePACSLogin.java:39)
at TestLogin.TestePACSLogin.logout(TestePACSLogin.java:39)
at TestLogin.TestePACSLogin.logout(TestePACSLogin.java:39)
at TestLogin.TestePACSLogin.logout(TestePACSLogin.java:39)
at TestLogin.TestePACSLogin.logout(TestePACSLogin.java:39)
at TestLogin.TestePACSLogin.logout(TestePACSLogin.java:39)
at TestLogin.TestePACSLogin.logout(TestePACSLogin.java:39)
at TestLogin.TestePACSLogin.logout(TestePACSLogin.java:39)
at TestLogin.TestePACSLogin.logout(TestePACSLogin.java:39)
at TestLogin.TestePACSLogin.logout(TestePACSLogin.java:39)
at TestLogin.TestePACSLogin.logout(TestePACSLogin.java:39)
at TestLogin.TestePACSLogin.logout(TestePACSLogin.java:39)
at TestLogin.TestePACSLogin.logout(TestePACSLogin.java:39)
at TestLogin.TestePACSLogin.logout(TestePACSLogin.java:39)
at TestLogin.TestePACSLogin.logout(TestePACSLogin.java:39)
at TestLogin.TestePACSLogin.logout(TestePACSLogin.java:39)
at TestLogin.TestePACSLogin.logout(TestePACSLogin.java:39)
at TestLogin.TestePACSLogin.logout(TestePACSLogin.java:39)
at TestLogin.TestePACSLogin.logout(TestePACSLogin.java:39)
at TestLogin.TestePACSLogin.logout(TestePACSLogin.java:39)
at TestLogin.TestePACSLogin.logout(TestePACSLogin.java:39)
at TestLogin.TestePACSLogin.logout(TestePACSLogin.java:39)
at TestLogin.TestePACSLogin.logout(TestePACSLogin.java:39)
at TestLogin.TestePACSLogin.logout(TestePACSLogin.java:39)
at TestLogin.TestePACSLogin.logout(TestePACSLogin.java:39)
at TestLogin.TestePACSLogin.logout(TestePACSLogin.java:39)
at TestLogin.TestePACSLogin.logout(TestePACSLogin.java:39)
at TestLogin.TestePACSLogin.logout(TestePACSLogin.java:39)
at TestLogin.TestePACSLogin.logout(TestePACSLogin.java:39)
at TestLogin.TestePACSLogin.logout(TestePACSLogin.java:39)
at TestLogin.TestePACSLogin.logout(TestePACSLogin.java:39)
at TestLogin.TestePACSLogin.logout(TestePACSLogin.java:39)
at TestLogin.TestePACSLogin.logout(TestePACSLogin.java:39)
at TestLogin.TestePACSLogin.logout(TestePACSLogin.java:39)
at TestLogin.TestePACSLogin.logout(TestePACSLogin.java:39)
at TestLogin.TestePACSLogin.logout(TestePACSLogin.java:39)
at TestLogin.TestePACSLogin.logout(TestePACSLogin.java:39)
at TestLogin.TestePACSLogin.logout(TestePACSLogin.java:39)
at TestLogin.TestePACSLogin.logout(TestePACSLogin.java:39)
at TestLogin.TestePACSLogin.logout(TestePACSLogin.java:39)
at TestLogin.TestePACSLogin.logout(TestePACSLogin.java:39)
at TestLogin.TestePACSLogin.logout(TestePACSLogin.java:39)
at TestLogin.TestePACSLogin.logout(TestePACSLogin.java:39)
at TestLogin.TestePACSLogin.logout(TestePACSLogin.java:39)
at TestLogin.TestePACSLogin.logout(TestePACSLogin.java:39)
at TestLogin.TestePACSLogin.logout(TestePACSLogin.java:39)
at TestLogin.TestePACSLogin.logout(TestePACSLogin.java:39)
at TestLogin.TestePACSLogin.logout(TestePACSLogin.java:39)
at TestLogin.TestePACSLogin.logout(TestePACSLogin.java:39)
at TestLogin.TestePACSLogin.logout(TestePACSLogin.java:39)
at TestLogin.TestePACSLogin.logout(TestePACSLogin.java:39)
at TestLogin.TestePACSLogin.logout(TestePACSLogin.java:39)
at TestLogin.TestePACSLogin.logout(TestePACSLogin.java:39)
at TestLogin.TestePACSLogin.logout(TestePACSLogin.java:39)
at TestLogin.TestePACSLogin.logout(TestePACSLogin.java:39)
at TestLogin.TestePACSLogin.logout(TestePACSLogin.java:39)
at TestLogin.TestePACSLogin.logout(TestePACSLogin.java:39)
at TestLogin.TestePACSLogin.logout(TestePACSLogin.java:39)
at TestLogin.TestePACSLogin.logout(TestePACSLogin.java:39)
at TestLogin.TestePACSLogin.logout(TestePACSLogin.java:39)
at TestLogin.TestePACSLogin.logout(TestePACSLogin.java:39)
at TestLogin.TestePACSLogin.logout(TestePACSLogin.java:39)
at TestLogin.TestePACSLogin.logout(TestePACSLogin.java:39)
at TestLogin.TestePACSLogin.logout(TestePACSLogin.java:39)
at TestLogin.TestePACSLogin.logout(TestePACSLogin.java:39)
at TestLogin.TestePACSLogin.logout(TestePACSLogin.java:39)
at TestLogin.TestePACSLogin.logout(TestePACSLogin.java:39)
at TestLogin.TestePACSLogin.logout(TestePACSLogin.java:39)
at TestLogin.TestePACSLogin.logout(TestePACSLogin.java:39)
at TestLogin.TestePACSLogin.logout(TestePACSLogin.java:39)
at TestLogin.TestePACSLogin.logout(TestePACSLogin.java:39)
at TestLogin.TestePACSLogin.logout(TestePACSLogin.java:39)
at TestLogin.TestePACSLogin.logout(TestePACSLogin.java:39)
at TestLogin.TestePACSLogin.logout(TestePACSLogin.java:39)
at TestLogin.TestePACSLogin.logout(TestePACSLogin.java:39)
at TestLogin.TestePACSLogin.logout(TestePACSLogin.java:39)
at TestLogin.TestePACSLogin.logout(TestePACSLogin.java:39)
at TestLogin.TestePACSLogin.logout(TestePACSLogin.java:39)
at TestLogin.TestePACSLogin.logout(TestePACSLogin.java:39)
at TestLogin.TestePACSLogin.logout(TestePACSLogin.java:39)
at TestLogin.TestePACSLogin.logout(TestePACSLogin.java:39)
at TestLogin.TestePACSLogin.logout(TestePACSLogin.java:39)
at TestLogin.TestePACSLogin.logout(TestePACSLogin.java:39)
at TestLogin.TestePACSLogin.logout(TestePACSLogin.java:39)
at TestLogin.TestePACSLogin.logout(TestePACSLogin.java:39)
at TestLogin.TestePACSLogin.logout(TestePACSLogin.java:39)
at TestLogin.TestePACSLogin.logout(TestePACSLogin.java:39)
at TestLogin.TestePACSLogin.logout(TestePACSLogin.java:39)
at TestLogin.TestePACSLogin.logout(TestePACSLogin.java:39)
at TestLogin.TestePACSLogin.logout(TestePACSLogin.java:39)
at TestLogin.TestePACSLogin.logout(TestePACSLogin.java:39)
at TestLogin.TestePACSLogin.logout(TestePACSLogin.java:39)
at TestLogin.TestePACSLogin.logout(TestePACSLogin.java:39)
at TestLogin.TestePACSLogin.logout(TestePACSLogin.java:39)
at TestLogin.TestePACSLogin.logout(TestePACSLogin.java:39)
at TestLogin.TestePACSLogin.logout(TestePACSLogin.java:39)
at TestLogin.TestePACSLogin.logout(TestePACSLogin.java:39)
at TestLogin.TestePACSLogin.logout(TestePACSLogin.java:39)
at TestLogin.TestePACSLogin.logout(TestePACSLogin.java:39)
at TestLogin.TestePACSLogin.logout(TestePACSLogin.java:39)
at TestLogin.TestePACSLogin.logout(TestePACSLogin.java:39)
at TestLogin.TestePACSLogin.logout(TestePACSLogin.java:39)
at TestLogin.TestePACSLogin.logout(TestePACSLogin.java:39)
at TestLogin.TestePACSLogin.logout(TestePACSLogin.java:39)
at TestLogin.TestePACSLogin.logout(TestePACSLogin.java:39)
at TestLogin.TestePACSLogin.logout(TestePACSLogin.java:39)
at TestLogin.TestePACSLogin.logout(TestePACSLogin.java:39)
at TestLogin.TestePACSLogin.logout(TestePACSLogin.java:39)
at TestLogin.TestePACSLogin.logout(TestePACSLogin.java:39)
at TestLogin.TestePACSLogin.logout(TestePACSLogin.java:39)
at TestLogin.TestePACSLogin.logout(TestePACSLogin.java:39)
at TestLogin.TestePACSLogin.logout(TestePACSLogin.java:39)
at TestLogin.TestePACSLogin.logout(TestePACSLogin.java:39)
at TestLogin.TestePACSLogin.logout(TestePACSLogin.java:39)
at TestLogin.TestePACSLogin.logout(TestePACSLogin.java:39)
at TestLogin.TestePACSLogin.logout(TestePACSLogin.java:39)
at TestLogin.TestePACSLogin.logout(TestePACSLogin.java:39)
at TestLogin.TestePACSLogin.logout(TestePACSLogin.java:39)
at TestLogin.TestePACSLogin.logout(TestePACSLogin.java:39)
at TestLogin.TestePACSLogin.logout(TestePACSLogin.java:39)
at TestLogin.TestePACSLogin.logout(TestePACSLogin.java:39)
at TestLogin.TestePACSLogin.logout(TestePACSLogin.java:39)
at TestLogin.TestePACSLogin.logout(TestePACSLogin.java:39)
at TestLogin.TestePACSLogin.logout(TestePACSLogin.java:39)
at TestLogin.TestePACSLogin.logout(TestePACSLogin.java:39)
at TestLogin.TestePACSLogin.logout(TestePACSLogin.java:39)
at TestLogin.TestePACSLogin.logout(TestePACSLogin.java:39)
at TestLogin.TestePACSLogin.logout(TestePACSLogin.java:39)
at TestLogin.TestePACSLogin.logout(TestePACSLogin.java:39)
at TestLogin.TestePACSLogin.logout(TestePACSLogin.java:39)
at TestLogin.TestePACSLogin.logout(TestePACSLogin.java:39)
at TestLogin.TestePACSLogin.logout(TestePACSLogin.java:39)
at TestLogin.TestePACSLogin.logout(TestePACSLogin.java:39)
at TestLogin.TestePACSLogin.logout(TestePACSLogin.java:39)
at TestLogin.TestePACSLogin.logout(TestePACSLogin.java:39)
at TestLogin.TestePACSLogin.logout(TestePACSLogin.java:39)
at TestLogin.TestePACSLogin.logout(TestePACSLogin.java:39)
at TestLogin.TestePACSLogin.logout(TestePACSLogin.java:39)
at TestLogin.TestePACSLogin.logout(TestePACSLogin.java:39)
at TestLogin.TestePACSLogin.logout(TestePACSLogin.java:39)
at TestLogin.TestePACSLogin.logout(TestePACSLogin.java:39)
at TestLogin.TestePACSLogin.logout(TestePACSLogin.java:39)
at TestLogin.TestePACSLogin.logout(TestePACSLogin.java:39)
at TestLogin.TestePACSLogin.logout(TestePACSLogin.java:39)
at TestLogin.TestePACSLogin.logout(TestePACSLogin.java:39)
at TestLogin.TestePACSLogin.logout(TestePACSLogin.java:39)
at TestLogin.TestePACSLogin.logout(TestePACSLogin.java:39)
at TestLogin.TestePACSLogin.logout(TestePACSLogin.java:39)
at TestLogin.TestePACSLogin.logout(TestePACSLogin.java:39)
at TestLogin.TestePACSLogin.logout(TestePACSLogin.java:39)
at TestLogin.TestePACSLogin.logout(TestePACSLogin.java:39)
at TestLogin.TestePACSLogin.logout(TestePACSLogin.java:39)
at TestLogin.TestePACSLogin.logout(TestePACSLogin.java:39)
at TestLogin.TestePACSLogin.logout(TestePACSLogin.java:39)
at TestLogin.TestePACSLogin.logout(TestePACSLogin.java:39)
at TestLogin.TestePACSLogin.logout(TestePACSLogin.java:39)
at TestLogin.TestePACSLogin.logout(TestePACSLogin.java:39)
at TestLogin.TestePACSLogin.logout(TestePACSLogin.java:39)
at TestLogin.TestePACSLogin.logout(TestePACSLogin.java:39)
at TestLogin.TestePACSLogin.logout(TestePACSLogin.java:39)
at TestLogin.TestePACSLogin.logout(TestePACSLogin.java:39)
at TestLogin.TestePACSLogin.logout(TestePACSLogin.java:39)
at TestLogin.TestePACSLogin.logout(TestePACSLogin.java:39)
at TestLogin.TestePACSLogin.logout(TestePACSLogin.java:39)
at TestLogin.TestePACSLogin.logout(TestePACSLogin.java:39)
at TestLogin.TestePACSLogin.logout(TestePACSLogin.java:39)
at TestLogin.TestePACSLogin.logout(TestePACSLogin.java:39)
at TestLogin.TestePACSLogin.logout(TestePACSLogin.java:39)
at TestLogin.TestePACSLogin.logout(TestePACSLogin.java:39)
at TestLogin.TestePACSLogin.logout(TestePACSLogin.java:39)
at TestLogin.TestePACSLogin.logout(TestePACSLogin.java:39)
at TestLogin.TestePACSLogin.logout(TestePACSLogin.java:39)
at TestLogin.TestePACSLogin.logout(TestePACSLogin.java:39)
at TestLogin.TestePACSLogin.logout(TestePACSLogin.java:39)
at TestLogin.TestePACSLogin.logout(TestePACSLogin.java:39)
at TestLogin.TestePACSLogin.logout(TestePACSLogin.java:39)
at TestLogin.TestePACSLogin.logout(TestePACSLogin.java:39)
at TestLogin.TestePACSLogin.logout(TestePACSLogin.java:39)
at TestLogin.TestePACSLogin.logout(TestePACSLogin.java:39)
at TestLogin.TestePACSLogin.logout(TestePACSLogin.java:39)
at TestLogin.TestePACSLogin.logout(TestePACSLogin.java:39)
at TestLogin.TestePACSLogin.logout(TestePACSLogin.java:39)
at TestLogin.TestePACSLogin.logout(TestePACSLogin.java:39)
at TestLogin.TestePACSLogin.logout(TestePACSLogin.java:39)
at TestLogin.TestePACSLogin.logout(TestePACSLogin.java:39)
at TestLogin.TestePACSLogin.logout(TestePACSLogin.java:39)
at TestLogin.TestePACSLogin.logout(TestePACSLogin.java:39)
at TestLogin.TestePACSLogin.logout(TestePACSLogin.java:39)
at TestLogin.TestePACSLogin.logout(TestePACSLogin.java:39)
at TestLogin.TestePACSLogin.logout(TestePACSLogin.java:39)
at TestLogin.TestePACSLogin.logout(TestePACSLogin.java:39)
at TestLogin.TestePACSLogin.logout(TestePACSLogin.java:39)
at TestLogin.TestePACSLogin.logout(TestePACSLogin.java:39)
at TestLogin.TestePACSLogin.logout(TestePACSLogin.java:39)
at TestLogin.TestePACSLogin.logout(TestePACSLogin.java:39)
at TestLogin.TestePACSLogin.logout(TestePACSLogin.java:39)
at TestLogin.TestePACSLogin.logout(TestePACSLogin.java:39)
at TestLogin.TestePACSLogin.logout(TestePACSLogin.java:39)
at TestLogin.TestePACSLogin.logout(TestePACSLogin.java:39)
at TestLogin.TestePACSLogin.logout(TestePACSLogin.java:39)
]]>
    </error>
  </testcase> <!-- logout -->
  <system-out/>
</testsuite> <!-- TestLogin.TestePACSLogin -->
